<?xml version="1.0" encoding="UTF-8"?>
<!-- Generated by org.testng.reporters.JUnitXMLReporter -->
<testsuite hostname="DESKTOP-JJ6SG7T" ignored="0" name="Test" tests="8" failures="0" timestamp="12 Apr 2020 06:14:04 GMT" time="0.167" errors="0">
  <testcase name="Ankit" time="0.021" classname="class1.AnkitTestNGClass"/>
  <testcase name="Ankita" time="0.012" classname="class1.AnkitTestNGClass"/>
  <testcase name="Prasanth" time="0.008" classname="class1.AnkitTestNGClass"/>
  <testcase name="yashmi" time="0.002" classname="class1.AnkitTestNGClass"/>
  <testcase name="Gnanendra" time="0.003" classname="class1.Rashmi_TestNG2ndClass"/>
  <testcase name="Prasanth" time="0.002" classname="class1.Rashmi_TestNG2ndClass"/>
  <testcase name="Sakshi" time="0.011" classname="class1.Rashmi_TestNG2ndClass"/>
  <testcase name="Srikanth" time="0.004" classname="class1.Rashmi_TestNG2ndClass"/>
</testsuite> <!-- Test -->
