<?xml version="1.0" encoding="UTF-8"?>
<testng-results skipped="0" failed="0" ignored="0" total="8" passed="8">
  <reporter-output>
  </reporter-output>
  <suite name="Suite" duration-ms="167" started-at="2020-04-12T06:14:03Z" finished-at="2020-04-12T06:14:03Z">
    <groups>
    </groups>
    <test name="Test" duration-ms="167" started-at="2020-04-12T06:14:03Z" finished-at="2020-04-12T06:14:03Z">
      <class name="class1.AnkitTestNGClass">
        <test-method status="PASS" signature="Ankit()[pri:0, instance:class1.AnkitTestNGClass@2f943d71]" name="Ankit" duration-ms="21" started-at="2020-04-12T06:14:03Z" finished-at="2020-04-12T06:14:03Z">
          <reporter-output>
          </reporter-output>
        </test-method> <!-- Ankit -->
        <test-method status="PASS" signature="Ankita()[pri:0, instance:class1.AnkitTestNGClass@2f943d71]" name="Ankita" duration-ms="12" started-at="2020-04-12T06:14:03Z" finished-at="2020-04-12T06:14:03Z">
          <reporter-output>
          </reporter-output>
        </test-method> <!-- Ankita -->
        <test-method status="PASS" signature="Prasanth()[pri:0, instance:class1.AnkitTestNGClass@2f943d71]" name="Prasanth" duration-ms="8" started-at="2020-04-12T06:14:03Z" finished-at="2020-04-12T06:14:03Z">
          <reporter-output>
          </reporter-output>
        </test-method> <!-- Prasanth -->
        <test-method status="PASS" signature="yashmi()[pri:0, instance:class1.AnkitTestNGClass@2f943d71]" name="yashmi" duration-ms="2" started-at="2020-04-12T06:14:03Z" finished-at="2020-04-12T06:14:03Z">
          <reporter-output>
          </reporter-output>
        </test-method> <!-- yashmi -->
      </class> <!-- class1.AnkitTestNGClass -->
      <class name="class1.Rashmi_TestNG2ndClass">
        <test-method status="PASS" signature="Gnanendra()[pri:0, instance:class1.Rashmi_TestNG2ndClass@69a3d1d]" name="Gnanendra" duration-ms="3" started-at="2020-04-12T06:14:03Z" finished-at="2020-04-12T06:14:03Z">
          <reporter-output>
          </reporter-output>
        </test-method> <!-- Gnanendra -->
        <test-method status="PASS" signature="Prasanth()[pri:0, instance:class1.Rashmi_TestNG2ndClass@69a3d1d]" name="Prasanth" duration-ms="2" started-at="2020-04-12T06:14:03Z" finished-at="2020-04-12T06:14:03Z">
          <reporter-output>
          </reporter-output>
        </test-method> <!-- Prasanth -->
        <test-method status="PASS" signature="Sakshi()[pri:0, instance:class1.Rashmi_TestNG2ndClass@69a3d1d]" name="Sakshi" duration-ms="11" started-at="2020-04-12T06:14:03Z" finished-at="2020-04-12T06:14:03Z">
          <reporter-output>
          </reporter-output>
        </test-method> <!-- Sakshi -->
        <test-method status="PASS" signature="Srikanth()[pri:0, instance:class1.Rashmi_TestNG2ndClass@69a3d1d]" name="Srikanth" duration-ms="4" started-at="2020-04-12T06:14:03Z" finished-at="2020-04-12T06:14:03Z">
          <reporter-output>
          </reporter-output>
        </test-method> <!-- Srikanth -->
      </class> <!-- class1.Rashmi_TestNG2ndClass -->
    </test> <!-- Test -->
  </suite> <!-- Suite -->
</testng-results>
